[0m10:22:07.180278 [debug] [MainThread]: Sending event: {'category': 'dbt', 'action': 'invocation', 'label': 'start', 'context': [<snowplow_tracker.self_describing_json.SelfDescribingJson object at 0x7f531a1fece0>, <snowplow_tracker.self_describing_json.SelfDescribingJson object at 0x7f531a977a60>, <snowplow_tracker.self_describing_json.SelfDescribingJson object at 0x7f531a977a30>]}


============================== 10:22:07.204326 | 6b26f815-fcb5-4999-9f48-1f59fa7adc9c ==============================
[0m10:22:07.204326 [info ] [MainThread]: Running with dbt=1.6.2
[0m10:22:07.206385 [debug] [MainThread]: running dbt with arguments {'printer_width': '80', 'indirect_selection': 'eager', 'write_json': 'True', 'log_cache_events': 'False', 'partial_parse': 'True', 'cache_selected_only': 'False', 'profiles_dir': '/root/.dbt', 'version_check': 'True', 'warn_error': 'None', 'log_path': 'logs', 'fail_fast': 'False', 'debug': 'False', 'use_colors': 'True', 'use_experimental_parser': 'False', 'no_print': 'None', 'quiet': 'False', 'log_format': 'default', 'static_parser': 'True', 'invocation_command': 'dbt debug', 'warn_error_options': 'WarnErrorOptions(include=[], exclude=[])', 'target_path': 'None', 'introspect': 'True', 'send_anonymous_usage_stats': 'True'}
[0m10:22:07.208100 [info ] [MainThread]: dbt version: 1.6.2
[0m10:22:07.209527 [info ] [MainThread]: python version: 3.10.12
[0m10:22:07.210950 [info ] [MainThread]: python path: /usr/bin/python3
[0m10:22:07.212343 [info ] [MainThread]: os info: Linux-6.2.0-32-generic-x86_64-with-glibc2.35
[0m10:22:09.281463 [info ] [MainThread]: Using profiles dir at /root/.dbt
[0m10:22:09.282036 [info ] [MainThread]: Using profiles.yml file at /root/.dbt/profiles.yml
[0m10:22:09.282511 [info ] [MainThread]: Using dbt_project.yml file at /media/tak/DATA/work/snow/dbt_project.yml
[0m10:22:09.283725 [info ] [MainThread]: adapter type: snowflake
[0m10:22:09.284170 [info ] [MainThread]: adapter version: 1.6.2
[0m10:22:09.284627 [info ] [MainThread]: Configuration:
[0m10:22:09.285057 [info ] [MainThread]:   profiles.yml file [[32mOK found and valid[0m]
[0m10:22:09.285488 [info ] [MainThread]:   dbt_project.yml file [[31mERROR not found[0m]
[0m10:22:09.285923 [info ] [MainThread]: Required dependencies:
[0m10:22:09.286501 [debug] [MainThread]: Executing "git --help"
[0m10:22:09.288984 [debug] [MainThread]: STDOUT: "b"usage: git [--version] [--help] [-C <path>] [-c <name>=<value>]\n           [--exec-path[=<path>]] [--html-path] [--man-path] [--info-path]\n           [-p | --paginate | -P | --no-pager] [--no-replace-objects] [--bare]\n           [--git-dir=<path>] [--work-tree=<path>] [--namespace=<name>]\n           [--super-prefix=<path>] [--config-env=<name>=<envvar>]\n           <command> [<args>]\n\nThese are common Git commands used in various situations:\n\nstart a working area (see also: git help tutorial)\n   clone     Clone a repository into a new directory\n   init      Create an empty Git repository or reinitialize an existing one\n\nwork on the current change (see also: git help everyday)\n   add       Add file contents to the index\n   mv        Move or rename a file, a directory, or a symlink\n   restore   Restore working tree files\n   rm        Remove files from the working tree and from the index\n\nexamine the history and state (see also: git help revisions)\n   bisect    Use binary search to find the commit that introduced a bug\n   diff      Show changes between commits, commit and working tree, etc\n   grep      Print lines matching a pattern\n   log       Show commit logs\n   show      Show various types of objects\n   status    Show the working tree status\n\ngrow, mark and tweak your common history\n   branch    List, create, or delete branches\n   commit    Record changes to the repository\n   merge     Join two or more development histories together\n   rebase    Reapply commits on top of another base tip\n   reset     Reset current HEAD to the specified state\n   switch    Switch branches\n   tag       Create, list, delete or verify a tag object signed with GPG\n\ncollaborate (see also: git help workflows)\n   fetch     Download objects and refs from another repository\n   pull      Fetch from and integrate with another repository or a local branch\n   push      Update remote refs along with associated objects\n\n'git help -a' and 'git help -g' list available subcommands and some\nconcept guides. See 'git help <command>' or 'git help <concept>'\nto read about a specific subcommand or concept.\nSee 'git help git' for an overview of the system.\n""
[0m10:22:09.289484 [debug] [MainThread]: STDERR: "b''"
[0m10:22:09.289870 [info ] [MainThread]:  - git [[32mOK found[0m]

[0m10:22:09.290316 [info ] [MainThread]: Connection:
[0m10:22:09.290762 [info ] [MainThread]:   account: nudlvfo-yp34357
[0m10:22:09.291184 [info ] [MainThread]:   user: taktaimur
[0m10:22:09.291598 [info ] [MainThread]:   database: raw
[0m10:22:09.292020 [info ] [MainThread]:   warehouse: compute_wh
[0m10:22:09.292436 [info ] [MainThread]:   role: accountadmin
[0m10:22:09.292860 [info ] [MainThread]:   schema: dbt_tak
[0m10:22:09.293280 [info ] [MainThread]:   authenticator: None
[0m10:22:09.293691 [info ] [MainThread]:   private_key_path: None
[0m10:22:09.294155 [info ] [MainThread]:   token: None
[0m10:22:09.294584 [info ] [MainThread]:   oauth_client_id: None
[0m10:22:09.294977 [info ] [MainThread]:   query_tag: None
[0m10:22:09.295370 [info ] [MainThread]:   client_session_keep_alive: False
[0m10:22:09.295756 [info ] [MainThread]:   host: None
[0m10:22:09.296144 [info ] [MainThread]:   port: None
[0m10:22:09.296531 [info ] [MainThread]:   proxy_host: None
[0m10:22:09.296917 [info ] [MainThread]:   proxy_port: None
[0m10:22:09.297472 [info ] [MainThread]:   protocol: None
[0m10:22:09.298026 [info ] [MainThread]:   connect_retries: 1
[0m10:22:09.298498 [info ] [MainThread]:   connect_timeout: None
[0m10:22:09.298889 [info ] [MainThread]:   retry_on_database_errors: False
[0m10:22:09.299280 [info ] [MainThread]:   retry_all: False
[0m10:22:09.299667 [info ] [MainThread]:   insecure_mode: False
[0m10:22:09.300052 [info ] [MainThread]:   reuse_connections: None
[0m10:22:09.300552 [info ] [MainThread]: Registered adapter: snowflake=1.6.2
[0m10:22:09.301400 [debug] [MainThread]: Acquiring new snowflake connection 'debug'
[0m10:22:09.302633 [debug] [MainThread]: Using snowflake connection "debug"
[0m10:22:09.303089 [debug] [MainThread]: On debug: select 1 as id
[0m10:22:09.303478 [debug] [MainThread]: Opening a new connection, currently in state init
[0m10:22:15.711006 [debug] [MainThread]: SQL status: SUCCESS 1 in 6.0 seconds
[0m10:22:15.713228 [debug] [MainThread]: On debug: Close
[0m10:22:16.327497 [info ] [MainThread]:   Connection test: [[32mOK connection ok[0m]

[0m10:22:16.328202 [info ] [MainThread]: [31m1 check failed:[0m
[0m10:22:16.328754 [info ] [MainThread]: Project loading failed for the following reason:
 project path </media/tak/DATA/work/snow/dbt_project.yml> not found

[0m10:22:16.329715 [debug] [MainThread]: Command `dbt debug` failed at 10:22:16.329518 after 9.40 seconds
[0m10:22:16.330279 [debug] [MainThread]: Connection 'debug' was properly closed.
[0m10:22:16.330825 [debug] [MainThread]: Sending event: {'category': 'dbt', 'action': 'invocation', 'label': 'end', 'context': [<snowplow_tracker.self_describing_json.SelfDescribingJson object at 0x7f531a1fece0>, <snowplow_tracker.self_describing_json.SelfDescribingJson object at 0x7f53131aa3e0>, <snowplow_tracker.self_describing_json.SelfDescribingJson object at 0x7f531751d600>]}
[0m10:22:16.331417 [debug] [MainThread]: Flushing usage events
[0m10:23:48.681682 [debug] [MainThread]: Sending event: {'category': 'dbt', 'action': 'invocation', 'label': 'start', 'context': [<snowplow_tracker.self_describing_json.SelfDescribingJson object at 0x7f83026108e0>, <snowplow_tracker.self_describing_json.SelfDescribingJson object at 0x7f8302f5bac0>, <snowplow_tracker.self_describing_json.SelfDescribingJson object at 0x7f8302f5ba90>]}


============================== 10:23:48.685288 | 95584396-2bd0-4715-bbf4-793dc93b0bc5 ==============================
[0m10:23:48.685288 [info ] [MainThread]: Running with dbt=1.6.2
[0m10:23:48.686029 [debug] [MainThread]: running dbt with arguments {'printer_width': '80', 'indirect_selection': 'eager', 'write_json': 'True', 'log_cache_events': 'False', 'partial_parse': 'True', 'cache_selected_only': 'False', 'profiles_dir': '/root/.dbt', 'debug': 'False', 'version_check': 'True', 'log_path': 'logs', 'fail_fast': 'False', 'warn_error': 'None', 'use_colors': 'True', 'use_experimental_parser': 'False', 'no_print': 'None', 'quiet': 'False', 'log_format': 'default', 'static_parser': 'True', 'invocation_command': 'dbt debug', 'introspect': 'True', 'target_path': 'None', 'warn_error_options': 'WarnErrorOptions(include=[], exclude=[])', 'send_anonymous_usage_stats': 'True'}
[0m10:23:48.686627 [info ] [MainThread]: dbt version: 1.6.2
[0m10:23:48.687104 [info ] [MainThread]: python version: 3.10.12
[0m10:23:48.687572 [info ] [MainThread]: python path: /usr/bin/python3
[0m10:23:48.688032 [info ] [MainThread]: os info: Linux-6.2.0-32-generic-x86_64-with-glibc2.35
[0m10:23:48.885807 [info ] [MainThread]: Using profiles dir at /root/.dbt
[0m10:23:48.886309 [info ] [MainThread]: Using profiles.yml file at /root/.dbt/profiles.yml
[0m10:23:48.886719 [info ] [MainThread]: Using dbt_project.yml file at /media/tak/DATA/work/snow/dbt_project.yml
[0m10:23:48.887287 [info ] [MainThread]: adapter type: snowflake
[0m10:23:48.887655 [info ] [MainThread]: adapter version: 1.6.2
[0m10:23:48.888064 [info ] [MainThread]: Configuration:
[0m10:23:48.888453 [info ] [MainThread]:   profiles.yml file [[32mOK found and valid[0m]
[0m10:23:48.888839 [info ] [MainThread]:   dbt_project.yml file [[31mERROR not found[0m]
[0m10:23:48.889218 [info ] [MainThread]: Required dependencies:
[0m10:23:48.889615 [debug] [MainThread]: Executing "git --help"
[0m10:23:48.891659 [debug] [MainThread]: STDOUT: "b"usage: git [--version] [--help] [-C <path>] [-c <name>=<value>]\n           [--exec-path[=<path>]] [--html-path] [--man-path] [--info-path]\n           [-p | --paginate | -P | --no-pager] [--no-replace-objects] [--bare]\n           [--git-dir=<path>] [--work-tree=<path>] [--namespace=<name>]\n           [--super-prefix=<path>] [--config-env=<name>=<envvar>]\n           <command> [<args>]\n\nThese are common Git commands used in various situations:\n\nstart a working area (see also: git help tutorial)\n   clone     Clone a repository into a new directory\n   init      Create an empty Git repository or reinitialize an existing one\n\nwork on the current change (see also: git help everyday)\n   add       Add file contents to the index\n   mv        Move or rename a file, a directory, or a symlink\n   restore   Restore working tree files\n   rm        Remove files from the working tree and from the index\n\nexamine the history and state (see also: git help revisions)\n   bisect    Use binary search to find the commit that introduced a bug\n   diff      Show changes between commits, commit and working tree, etc\n   grep      Print lines matching a pattern\n   log       Show commit logs\n   show      Show various types of objects\n   status    Show the working tree status\n\ngrow, mark and tweak your common history\n   branch    List, create, or delete branches\n   commit    Record changes to the repository\n   merge     Join two or more development histories together\n   rebase    Reapply commits on top of another base tip\n   reset     Reset current HEAD to the specified state\n   switch    Switch branches\n   tag       Create, list, delete or verify a tag object signed with GPG\n\ncollaborate (see also: git help workflows)\n   fetch     Download objects and refs from another repository\n   pull      Fetch from and integrate with another repository or a local branch\n   push      Update remote refs along with associated objects\n\n'git help -a' and 'git help -g' list available subcommands and some\nconcept guides. See 'git help <command>' or 'git help <concept>'\nto read about a specific subcommand or concept.\nSee 'git help git' for an overview of the system.\n""
[0m10:23:48.892052 [debug] [MainThread]: STDERR: "b''"
[0m10:23:48.892376 [info ] [MainThread]:  - git [[32mOK found[0m]

[0m10:23:48.892763 [info ] [MainThread]: Connection:
[0m10:23:48.893145 [info ] [MainThread]:   account: nudlvfo-yp34357
[0m10:23:48.893524 [info ] [MainThread]:   user: taktaimur
[0m10:23:48.893884 [info ] [MainThread]:   database: raw
[0m10:23:48.894336 [info ] [MainThread]:   warehouse: compute_wh
[0m10:23:48.894698 [info ] [MainThread]:   role: accountadmin
[0m10:23:48.895059 [info ] [MainThread]:   schema: dbt_tak
[0m10:23:48.895434 [info ] [MainThread]:   authenticator: None
[0m10:23:48.895792 [info ] [MainThread]:   private_key_path: None
[0m10:23:48.896148 [info ] [MainThread]:   token: None
[0m10:23:48.896515 [info ] [MainThread]:   oauth_client_id: None
[0m10:23:48.896869 [info ] [MainThread]:   query_tag: None
[0m10:23:48.897277 [info ] [MainThread]:   client_session_keep_alive: False
[0m10:23:48.897765 [info ] [MainThread]:   host: None
[0m10:23:48.898320 [info ] [MainThread]:   port: None
[0m10:23:48.898697 [info ] [MainThread]:   proxy_host: None
[0m10:23:48.899047 [info ] [MainThread]:   proxy_port: None
[0m10:23:48.899395 [info ] [MainThread]:   protocol: None
[0m10:23:48.899748 [info ] [MainThread]:   connect_retries: 1
[0m10:23:48.900100 [info ] [MainThread]:   connect_timeout: None
[0m10:23:48.900455 [info ] [MainThread]:   retry_on_database_errors: False
[0m10:23:48.900809 [info ] [MainThread]:   retry_all: False
[0m10:23:48.901213 [info ] [MainThread]:   insecure_mode: False
[0m10:23:48.901655 [info ] [MainThread]:   reuse_connections: None
[0m10:23:48.902174 [info ] [MainThread]: Registered adapter: snowflake=1.6.2
[0m10:23:48.902834 [debug] [MainThread]: Acquiring new snowflake connection 'debug'
[0m10:23:48.903710 [debug] [MainThread]: Using snowflake connection "debug"
[0m10:23:48.904220 [debug] [MainThread]: On debug: select 1 as id
[0m10:23:48.904689 [debug] [MainThread]: Opening a new connection, currently in state init
[0m10:23:51.375136 [debug] [MainThread]: SQL status: SUCCESS 1 in 2.0 seconds
[0m10:23:51.378597 [debug] [MainThread]: On debug: Close
[0m10:23:52.179054 [info ] [MainThread]:   Connection test: [[32mOK connection ok[0m]

[0m10:23:52.180324 [info ] [MainThread]: [31m1 check failed:[0m
[0m10:23:52.180831 [info ] [MainThread]: Project loading failed for the following reason:
 project path </media/tak/DATA/work/snow/dbt_project.yml> not found

[0m10:23:52.181688 [debug] [MainThread]: Command `dbt debug` failed at 10:23:52.181522 after 3.51 seconds
[0m10:23:52.182167 [debug] [MainThread]: Connection 'debug' was properly closed.
[0m10:23:52.182661 [debug] [MainThread]: Sending event: {'category': 'dbt', 'action': 'invocation', 'label': 'end', 'context': [<snowplow_tracker.self_describing_json.SelfDescribingJson object at 0x7f83026108e0>, <snowplow_tracker.self_describing_json.SelfDescribingJson object at 0x7f82ffa6dcc0>, <snowplow_tracker.self_describing_json.SelfDescribingJson object at 0x7f82ffa6fee0>]}
[0m10:23:52.183195 [debug] [MainThread]: Flushing usage events
